<?xml version="1.0" encoding="UTF-8"?>
<testsuite name="C:/Users/AARRSOL/IdeaProjects/APIAutomationATB6x"
           tests="4"
           failures="0"
           errors="0"
           skipped="0"
           time="5.481">
    <properties></properties>



            <testcase
                name="testCreateBooking"
                time="4.010"
                classname="com.thetestingacademy.tests.integration.TCIntegrationFlow">
            </testcase>
            <testcase
                name="testDeleteBookingd"
                time="0.001"
                classname="com.thetestingacademy.tests.integration.TCIntegrationFlow">
            </testcase>
            <testcase
                name="testVerifyBookingId"
                time="1.465"
                classname="com.thetestingacademy.tests.integration.TCIntegrationFlow">
            </testcase>
            <testcase
                name="testUpdateBookingId"
                time="0.005"
                classname="com.thetestingacademy.tests.integration.TCIntegrationFlow">
            </testcase>
</testsuite>
