<?xml version="1.0" encoding="UTF-8"?>
<testsuite name="C:/Users/AARRSOL/IdeaProjects/APIAutomationATB6x"
           tests="4"
           failures="0"
           errors="0"
           skipped="0"
           time="0.061">
    <properties></properties>



            <testcase
                name="testCreateBooking"
                time="0.051"
                classname="com.thetestingacademy.tests.integration.sample.TCIntegration_Simple.TCIntegration">
            </testcase>
            <testcase
                name="testDeleteBookingd"
                time="0.002"
                classname="com.thetestingacademy.tests.integration.sample.TCIntegration_Simple.TCIntegration">
            </testcase>
            <testcase
                name="testVerifyBookingId"
                time="0.005"
                classname="com.thetestingacademy.tests.integration.sample.TCIntegration_Simple.TCIntegration">
            </testcase>
            <testcase
                name="testUpdateBookingId"
                time="0.003"
                classname="com.thetestingacademy.tests.integration.sample.TCIntegration_Simple.TCIntegration">
            </testcase>
</testsuite>
