<?xml version="1.0" encoding="UTF-8"?>
<testsuite name="C:/Users/AARRSOL/IdeaProjects/APIAutomationATB6x"
           tests="4"
           failures="0"
           errors="0"
           skipped="0"
           time="10.112">
    <properties></properties>



            <testcase
                name="testCreateBooking"
                time="5.354"
                classname="com.thetestingacademy.tests.integration.TCIntegrationFlow">
            </testcase>
            <testcase
                name="testUpdateBookingId"
                time="1.555"
                classname="com.thetestingacademy.tests.integration.TCIntegrationFlow">
            </testcase>
            <testcase
                name="testDeleteBookingById"
                time="1.584"
                classname="com.thetestingacademy.tests.integration.TCIntegrationFlow">
            </testcase>
            <testcase
                name="testVerifyBookingId"
                time="1.619"
                classname="com.thetestingacademy.tests.integration.TCIntegrationFlow">
            </testcase>
</testsuite>
